>/home/nabil/habilitation-project/project-root/spark-scala/spmf.jar
Exception in thread "main" java.lang.OutOfMemoryError: Java heap space: failed reallocation of scalar replaced objects
	at ca.pfv.spmf.algorithms.sequentialpatterns.clasp_AGP.idlists.IDListStandard_Map.laterOperation(IDListStandard_Map.java:176)
	at ca.pfv.spmf.algorithms.sequentialpatterns.clasp_AGP.idlists.IDListStandard_Map.join(IDListStandard_Map.java:131)
	at ca.pfv.spmf.algorithms.sequentialpatterns.clasp_AGP.FrequentPatternEnumeration_ClaSP.exploreChildren(FrequentPatternEnumeration_ClaSP.java:205)
	at ca.pfv.spmf.algorithms.sequentialpatterns.clasp_AGP.FrequentPatternEnumeration_ClaSP.exploreChildren(FrequentPatternEnumeration_ClaSP.java:241)
	at ca.pfv.spmf.algorithms.sequentialpatterns.clasp_AGP.FrequentPatternEnumeration_ClaSP.exploreChildren(FrequentPatternEnumeration_ClaSP.java:241)
	at ca.pfv.spmf.algorithms.sequentialpatterns.clasp_AGP.FrequentPatternEnumeration_ClaSP.exploreChildren(FrequentPatternEnumeration_ClaSP.java:241)
	at ca.pfv.spmf.algorithms.sequentialpatterns.clasp_AGP.FrequentPatternEnumeration_ClaSP.exploreChildren(FrequentPatternEnumeration_ClaSP.java:241)
	at ca.pfv.spmf.algorithms.sequentialpatterns.clasp_AGP.FrequentPatternEnumeration_ClaSP.exploreChildren(FrequentPatternEnumeration_ClaSP.java:241)
	at ca.pfv.spmf.algorithms.sequentialpatterns.clasp_AGP.FrequentPatternEnumeration_ClaSP.exploreChildren(FrequentPatternEnumeration_ClaSP.java:241)
	at ca.pfv.spmf.algorithms.sequentialpatterns.clasp_AGP.FrequentPatternEnumeration_ClaSP.exploreChildren(FrequentPatternEnumeration_ClaSP.java:241)
	at ca.pfv.spmf.algorithms.sequentialpatterns.clasp_AGP.FrequentPatternEnumeration_ClaSP.exploreChildren(FrequentPatternEnumeration_ClaSP.java:241)
	at ca.pfv.spmf.algorithms.sequentialpatterns.clasp_AGP.FrequentPatternEnumeration_ClaSP.dfsPruning(FrequentPatternEnumeration_ClaSP.java:136)
	at ca.pfv.spmf.algorithms.sequentialpatterns.clasp_AGP.AlgoClaSP.claSP(AlgoClaSP.java:170)
	at ca.pfv.spmf.algorithms.sequentialpatterns.clasp_AGP.AlgoClaSP.runAlgorithm(AlgoClaSP.java:141)
	at ca.pfv.spmf.algorithmmanager.descriptions.DescriptionAlgoClaSP.runAlgorithm(DescriptionAlgoClaSP.java:76)
	at ca.pfv.spmf.gui.CommandProcessor.runAlgorithm(CommandProcessor.java:265)
	at ca.pfv.spmf.gui.Main.processCommandLineArguments(Main.java:151)
	at ca.pfv.spmf.gui.Main.main(Main.java:64)
