============================================================
TriBack-Clo: Triple-pointer BackScan Closed Sequential Pattern Mining
============================================================

[INFO] Loading: /home/nabil/habilitation-project/project-root/spark-scala/experiments/datasets/kosarak_sequences.txt
[INFO] Loaded in 1.80 seconds
Database Statistics:
  Sequences: 990,002
  Total items: 8,019,015
  Avg length: 8.1
  Min/Max length: 1 / 2498
  Max item ID: 41,270

[INFO] Minimum support: 4951 (0.50%)
[INFO] Vertical threshold: 100000
[INFO] Adaptive switching: true

[INFO] Starting mining...
[APV] Frequent items: 156 (maxItem=41270)
[APV] Position index built in 1061.4 ms
[PROFILE] enumerate: 7.905914851s (3238 calls)
[PROFILE] backward:  0.003474156s (1462 checks)
[PROFILE] patterns:  1618
[STORE-PROFILE] forwardScan: 4.768088216s (1619 calls)
[STORE-PROFILE] backwardScan: 3.025457375s (1619 calls)
[STORE-PROFILE] resultBuild: 0.0s
[STORE-PROFILE] totalOccurrences: 19297675, itemUpdates: 85303693

[RESULT] Found 1,618 closed patterns in 9.12 seconds
[INFO] No output file specified. Use --output to save patterns.

============================================================
[TIMING] Total: 10.92 s (load: 1.80 s, mine: 9.12 s)
============================================================
