============================================================
TriBack-Clo: Triple-pointer BackScan Closed Sequential Pattern Mining
============================================================

[INFO] Loading: /home/nabil/habilitation-project/project-root/spark-scala/experiments/datasets/kosarak_sequences.txt
[INFO] Loaded in 1.80 seconds
Database Statistics:
  Sequences: 990,002
  Total items: 8,019,015
  Avg length: 8.1
  Min/Max length: 1 / 2498
  Max item ID: 41,270

[INFO] Minimum support: 19801 (2.00%)
[INFO] Vertical threshold: 100000
[INFO] Adaptive switching: true

[INFO] Starting mining...
[APV] Frequent items: 27 (maxItem=41270)
[APV] Position index built in 330.1 ms
[PROFILE] enumerate: 2.201495679s (244 calls)
[PROFILE] backward:  0.002311902s (94 checks)
[PROFILE] patterns:  121
[STORE-PROFILE] forwardScan: 1.235919728s (122 calls)
[STORE-PROFILE] backwardScan: 0.899235282s (122 calls)
[STORE-PROFILE] resultBuild: 0.0s
[STORE-PROFILE] totalOccurrences: 7741632, itemUpdates: 12239174

[RESULT] Found 121 closed patterns in 2.66 seconds
[INFO] No output file specified. Use --output to save patterns.

============================================================
[TIMING] Total: 4.46 s (load: 1.80 s, mine: 2.66 s)
============================================================
